<?xml version="1.0" encoding="UTF-8"?>
<!-- Generated by org.testng.reporters.JUnitXMLReporter -->
<testsuite hostname="DESKTOP-7MLJB30" name="Test" tests="4" failures="0" timestamp="20 Jul 2022 11:20:39 GMT" time="0.028" errors="0">
  <testcase name="test" time="0.006" classname="mvnproject.practice_01"/>
  <testcase name="test2" time="0.0" classname="mvnproject.practice_01"/>
  <testcase name="test3" time="0.0" classname="mvnproject.practice_01"/>
  <testcase name="test1" time="0.0" classname="mvnproject.practice_01"/>
</testsuite> <!-- Test -->
