<?xml version="1.0" encoding="UTF-8"?>
<testng-results skipped="0" failed="0" total="4" passed="4">
  <reporter-output>
  </reporter-output>
  <suite name="Suite" duration-ms="28" started-at="2022-07-20T11:20:39Z" finished-at="2022-07-20T11:20:39Z">
    <groups>
    </groups>
    <test name="Test" duration-ms="28" started-at="2022-07-20T11:20:39Z" finished-at="2022-07-20T11:20:39Z">
      <class name="mvnproject.practice_01">
        <test-method status="PASS" signature="test()[pri:0, instance:mvnproject.practice_01@5dd6264]" name="test" duration-ms="6" started-at="2022-07-20T16:50:39Z" finished-at="2022-07-20T16:50:39Z">
          <reporter-output>
          </reporter-output>
        </test-method> <!-- test -->
        <test-method status="PASS" signature="test2()[pri:0, instance:mvnproject.practice_01@5dd6264]" name="test2" duration-ms="0" started-at="2022-07-20T16:50:39Z" finished-at="2022-07-20T16:50:39Z">
          <reporter-output>
          </reporter-output>
        </test-method> <!-- test2 -->
        <test-method status="PASS" signature="test3()[pri:0, instance:mvnproject.practice_01@5dd6264]" name="test3" duration-ms="0" started-at="2022-07-20T16:50:39Z" finished-at="2022-07-20T16:50:39Z">
          <reporter-output>
          </reporter-output>
        </test-method> <!-- test3 -->
        <test-method status="PASS" signature="test1()[pri:3, instance:mvnproject.practice_01@5dd6264]" name="test1" duration-ms="0" started-at="2022-07-20T16:50:39Z" finished-at="2022-07-20T16:50:39Z">
          <reporter-output>
          </reporter-output>
        </test-method> <!-- test1 -->
      </class> <!-- mvnproject.practice_01 -->
    </test> <!-- Test -->
  </suite> <!-- Suite -->
</testng-results>
